<?xml version="1.0" encoding="UTF-8"?>
<!-- Generated by org.testng.reporters.JUnitReportReporter -->
<testsuite hostname="LAPTOP-QEJCCMV6" failures="0" tests="1" name="org.example.launchchrome" time="23.998" errors="0" timestamp="2023-05-11T11:15:06 IST" skipped="0">
  <testcase classname="org.example.launchchrome" name="chrome" time="23.998"/>
  <system-out/>
</testsuite> <!-- org.example.launchchrome -->
